\\ccnsan01\data\c1bilham\my documents\esports project\source\imgui-master\examples\example_win32_directx11\debug\vc141.pdb
\\ccnsan01\data\c1bilham\my documents\esports project\source\imgui-master\examples\example_win32_directx11\debug\vc141.idb
\\ccnsan01\data\c1bilham\my documents\esports project\source\imgui-master\examples\example_win32_directx11\debug\imgui.obj
\\ccnsan01\data\c1bilham\my documents\esports project\source\imgui-master\examples\example_win32_directx11\debug\imgui_demo.obj
\\ccnsan01\data\c1bilham\my documents\esports project\source\imgui-master\examples\example_win32_directx11\debug\imgui_draw.obj
\\ccnsan01\data\c1bilham\my documents\esports project\source\imgui-master\examples\example_win32_directx11\debug\imgui_widgets.obj
\\ccnsan01\data\c1bilham\my documents\esports project\source\imgui-master\examples\example_win32_directx11\debug\imgui_impl_dx11.obj
\\ccnsan01\data\c1bilham\my documents\esports project\source\imgui-master\examples\example_win32_directx11\debug\imgui_impl_win32.obj
\\ccnsan01\data\c1bilham\my documents\esports project\source\imgui-master\examples\example_win32_directx11\debug\main.obj
\\ccnsan01\data\c1bilham\my documents\esports project\source\imgui-master\examples\example_win32_directx11\debug\vc142.pdb
\\ccnsan01\data\c1bilham\my documents\esports project\source\imgui-master\examples\example_win32_directx11\debug\example_win32_directx11.exe
\\ccnsan01\data\c1bilham\my documents\esports project\source\imgui-master\examples\example_win32_directx11\debug\example_win32_directx11.ilk
\\ccnsan01\data\c1bilham\my documents\esports project\source\imgui-master\examples\example_win32_directx11\debug\example_win32_directx11.pdb
\\ccnsan01\data\c1bilham\my documents\esports project\source\imgui-master\examples\example_win32_directx11\debug\vc142.idb
\\ccnsan01\data\c1bilham\my documents\esports project\source\imgui-master\examples\example_win32_directx11\debug\example_.9f316e83.tlog\cl.command.1.tlog
\\ccnsan01\data\c1bilham\my documents\esports project\source\imgui-master\examples\example_win32_directx11\debug\example_.9f316e83.tlog\cl.read.1.tlog
\\ccnsan01\data\c1bilham\my documents\esports project\source\imgui-master\examples\example_win32_directx11\debug\example_.9f316e83.tlog\cl.write.1.tlog
\\ccnsan01\data\c1bilham\my documents\esports project\source\imgui-master\examples\example_win32_directx11\debug\example_.9f316e83.tlog\link.command.1.tlog
\\ccnsan01\data\c1bilham\my documents\esports project\source\imgui-master\examples\example_win32_directx11\debug\example_.9f316e83.tlog\link.read.1.tlog
\\ccnsan01\data\c1bilham\my documents\esports project\source\imgui-master\examples\example_win32_directx11\debug\example_.9f316e83.tlog\link.write.1.tlog
